<?xml version="1.0" encoding="UTF-8"?>
<testng-results ignored="0" total="1" passed="1" failed="0" skipped="0">
  <reporter-output>
  </reporter-output>
  <suite started-at="2025-06-18T09:27:21 BST" name="tests.ElementsTextBoxPageTest" finished-at="2025-06-18T09:27:31 BST" duration-ms="9639">
    <groups>
    </groups>
    <test started-at="2025-06-18T09:27:21 BST" name="Command line test" finished-at="2025-06-18T09:27:31 BST" duration-ms="9639">
      <class name="tests.ElementsTextBoxPageTest">
        <test-method is-config="true" signature="setUp()[pri:0, instance:tests.ElementsTextBoxPageTest@29ba4338]" started-at="2025-06-18T09:27:21 BST" name="setUp" finished-at="2025-06-18T09:27:27 BST" duration-ms="6162" status="PASS">
          <reporter-output>
          </reporter-output>
        </test-method> <!-- setUp -->
        <test-method signature="testFillTextBoxForm()[pri:0, instance:tests.ElementsTextBoxPageTest@29ba4338]" started-at="2025-06-18T09:27:27 BST" name="testFillTextBoxForm" finished-at="2025-06-18T09:27:28 BST" duration-ms="1122" status="PASS">
          <reporter-output>
          </reporter-output>
        </test-method> <!-- testFillTextBoxForm -->
        <test-method is-config="true" signature="tearDown()[pri:0, instance:tests.ElementsTextBoxPageTest@29ba4338]" started-at="2025-06-18T09:27:28 BST" name="tearDown" finished-at="2025-06-18T09:27:31 BST" duration-ms="2304" status="PASS">
          <reporter-output>
          </reporter-output>
        </test-method> <!-- tearDown -->
      </class> <!-- tests.ElementsTextBoxPageTest -->
    </test> <!-- Command line test -->
  </suite> <!-- tests.ElementsTextBoxPageTest -->
</testng-results>
