<?xml version="1.0" encoding="UTF-8"?>
<testng-results ignored="0" total="1" passed="1" failed="0" skipped="0">
  <reporter-output>
  </reporter-output>
  <suite started-at="2025-06-17T17:16:44 BST" name="Surefire suite" finished-at="2025-06-17T17:16:57 BST" duration-ms="13042">
    <groups>
    </groups>
    <test started-at="2025-06-17T17:16:44 BST" name="Surefire test" finished-at="2025-06-17T17:16:57 BST" duration-ms="13042">
      <class name="tests.ElementsTextBoxPageTest">
        <test-method is-config="true" signature="setUp()[pri:0, instance:tests.ElementsTextBoxPageTest@30b7c004]" started-at="2025-06-17T17:16:44 BST" name="setUp" finished-at="2025-06-17T17:16:51 BST" duration-ms="6968" status="PASS">
          <reporter-output>
          </reporter-output>
        </test-method> <!-- setUp -->
        <test-method signature="testFillTextBoxForm()[pri:0, instance:tests.ElementsTextBoxPageTest@30b7c004]" started-at="2025-06-17T17:16:51 BST" name="testFillTextBoxForm" finished-at="2025-06-17T17:16:52 BST" duration-ms="835" status="PASS">
          <reporter-output>
          </reporter-output>
        </test-method> <!-- testFillTextBoxForm -->
        <test-method is-config="true" signature="tearDown()[pri:0, instance:tests.ElementsTextBoxPageTest@30b7c004]" started-at="2025-06-17T17:16:52 BST" name="tearDown" finished-at="2025-06-17T17:16:57 BST" duration-ms="5176" status="PASS">
          <reporter-output>
          </reporter-output>
        </test-method> <!-- tearDown -->
      </class> <!-- tests.ElementsTextBoxPageTest -->
    </test> <!-- Surefire test -->
  </suite> <!-- Surefire suite -->
</testng-results>
