<?xml version="1.0" encoding="UTF-8"?>
<testng-results ignored="0" total="1" passed="1" failed="0" skipped="0">
  <reporter-output>
  </reporter-output>
  <suite started-at="2025-06-18T12:44:09 BST" name="Default suite" finished-at="2025-06-18T12:44:13 BST" duration-ms="4677">
    <groups>
    </groups>
    <test started-at="2025-06-18T12:44:09 BST" name="Default test" finished-at="2025-06-18T12:44:13 BST" duration-ms="4677">
      <class name="tests.ElementsTextBoxPageTest">
        <test-method is-config="true" signature="setUp()[pri:0, instance:tests.ElementsTextBoxPageTest@329dbdbf]" started-at="2025-06-18T12:44:09 BST" name="setUp" finished-at="2025-06-18T12:44:13 BST" duration-ms="3789" status="PASS">
          <reporter-output>
          </reporter-output>
        </test-method> <!-- setUp -->
        <test-method signature="canNotSubmitWithInvalidEmail()[pri:0, instance:tests.ElementsTextBoxPageTest@329dbdbf]" started-at="2025-06-18T12:44:13 BST" name="canNotSubmitWithInvalidEmail" finished-at="2025-06-18T12:44:13 BST" duration-ms="853" status="PASS">
          <reporter-output>
          </reporter-output>
        </test-method> <!-- canNotSubmitWithInvalidEmail -->
        <test-method is-config="true" signature="tearDown()[pri:0, instance:tests.ElementsTextBoxPageTest@329dbdbf]" started-at="2025-06-18T12:44:13 BST" name="tearDown" finished-at="2025-06-18T12:44:13 BST" duration-ms="1" status="PASS">
          <reporter-output>
          </reporter-output>
        </test-method> <!-- tearDown -->
      </class> <!-- tests.ElementsTextBoxPageTest -->
    </test> <!-- Default test -->
  </suite> <!-- Default suite -->
</testng-results>
